<?xml version="1.0" encoding="UTF-8"?>
<testng-results ignored="0" total="1" passed="1" failed="0" skipped="0">
  <reporter-output>
  </reporter-output>
  <suite started-at="2021-01-07T12:49:11 GMT+07:00" name="Default suite" finished-at="2021-01-07T12:49:20 GMT+07:00" duration-ms="8487">
    <groups>
    </groups>
    <test started-at="2021-01-07T12:49:11 GMT+07:00" name="Default test" finished-at="2021-01-07T12:49:20 GMT+07:00" duration-ms="8487">
      <class name="basics1">
        <test-method is-config="true" signature="getData()[pri:0, instance:basics1@70e8f8e]" started-at="2021-01-07T12:49:11 GMT+07:00" name="getData" finished-at="2021-01-07T12:49:11 GMT+07:00" duration-ms="36" status="PASS">
          <reporter-output>
          </reporter-output>
        </test-method> <!-- getData -->
        <test-method signature="Test()[pri:0, instance:basics1@70e8f8e]" started-at="2021-01-07T12:49:11 GMT+07:00" name="Test" finished-at="2021-01-07T12:49:20 GMT+07:00" duration-ms="8382" status="PASS">
          <reporter-output>
          </reporter-output>
        </test-method> <!-- Test -->
      </class> <!-- basics1 -->
    </test> <!-- Default test -->
  </suite> <!-- Default suite -->
</testng-results>
